TN:
SF:/home/gfdv8046/Documents/ibtube/src/polyfills.ts
FNF:0
FNH:0
LF:0
LH:0
BRF:0
BRH:0
end_of_record
TN:
SF:/home/gfdv8046/Documents/ibtube/src/test.ts
FNF:0
FNH:0
DA:13,1
DA:18,1
DA:20,1
LF:3
LH:3
BRF:0
BRH:0
end_of_record
TN:
SF:/home/gfdv8046/Documents/ibtube/src/app/app-routing.module.ts
FN:32,AppRoutingModule
FNF:1
FNH:0
FNDA:0,AppRoutingModule
DA:10,1
DA:12,1
DA:32,1
LF:3
LH:3
BRF:0
BRH:0
end_of_record
TN:
SF:/home/gfdv8046/Documents/ibtube/src/app/app.component.ts
FN:8,AppComponent
FNF:1
FNH:1
FNDA:1,AppComponent
DA:8,1
DA:9,1
LF:2
LH:2
BRF:0
BRH:0
end_of_record
TN:
SF:/home/gfdv8046/Documents/ibtube/src/app/channel/channel.component.ts
FN:22,ChannelComponent
FN:35,(anonymous_2)
FN:36,(anonymous_3)
FN:45,(anonymous_4)
FN:48,(anonymous_5)
FN:53,(anonymous_6)
FN:56,(anonymous_7)
FN:58,(anonymous_8)
FN:63,(anonymous_9)
FN:71,(anonymous_10)
FN:76,(anonymous_11)
FN:82,(anonymous_12)
FN:85,(anonymous_13)
FNF:13
FNH:3
FNDA:1,ChannelComponent
FNDA:1,(anonymous_2)
FNDA:1,(anonymous_3)
FNDA:0,(anonymous_4)
FNDA:0,(anonymous_5)
FNDA:0,(anonymous_6)
FNDA:0,(anonymous_7)
FNDA:0,(anonymous_8)
FNDA:0,(anonymous_9)
FNDA:0,(anonymous_10)
FNDA:0,(anonymous_11)
FNDA:0,(anonymous_12)
FNDA:0,(anonymous_13)
DA:20,1
DA:23,1
DA:24,1
DA:25,1
DA:28,1
DA:30,1
DA:31,1
DA:35,1
DA:36,1
DA:37,1
DA:39,0
DA:40,0
DA:45,1
DA:46,0
DA:49,0
DA:53,1
DA:54,0
DA:57,0
DA:58,0
DA:59,0
DA:62,0
DA:63,0
DA:70,1
DA:71,1
DA:72,0
DA:74,0
DA:77,0
DA:78,0
DA:82,1
DA:83,0
DA:86,0
DA:89,1
LF:32
LH:16
BRDA:61,0,0,0
BRDA:61,0,1,0
BRF:2
BRH:0
end_of_record
TN:
SF:/home/gfdv8046/Documents/ibtube/src/app/header/header.component.ts
FN:11,HeaderComponent
FN:15,(anonymous_2)
FN:18,(anonymous_3)
FNF:3
FNH:2
FNDA:2,HeaderComponent
FNDA:1,(anonymous_2)
FNDA:0,(anonymous_3)
DA:9,1
DA:12,2
DA:15,1
DA:18,1
DA:19,0
DA:20,0
DA:26,1
LF:7
LH:5
BRF:0
BRH:0
end_of_record
TN:
SF:/home/gfdv8046/Documents/ibtube/src/app/search/search.component.ts
FN:19,SearchComponent
FN:86,(anonymous_2)
FN:88,(anonymous_3)
FN:90,(anonymous_4)
FN:97,(anonymous_5)
FN:105,(anonymous_6)
FN:110,(anonymous_7)
FN:114,(anonymous_8)
FN:119,(anonymous_9)
FNF:9
FNH:8
FNDA:2,SearchComponent
FNDA:2,(anonymous_2)
FNDA:2,(anonymous_3)
FNDA:6,(anonymous_4)
FNDA:3,(anonymous_5)
FNDA:2,(anonymous_6)
FNDA:0,(anonymous_7)
FNDA:1,(anonymous_8)
FNDA:3,(anonymous_9)
DA:17,1
DA:20,2
DA:21,2
DA:22,2
DA:24,2
DA:30,2
DA:32,2
DA:33,2
DA:81,2
DA:82,2
DA:83,2
DA:86,2
DA:88,2
DA:89,2
DA:90,2
DA:91,6
DA:94,2
DA:97,3
DA:98,3
DA:99,3
DA:100,3
DA:101,3
DA:103,3
DA:106,2
DA:110,1
DA:111,0
DA:114,1
DA:119,1
DA:120,3
DA:123,1
DA:129,1
DA:132,1
LF:32
LH:31
BRF:0
BRH:0
end_of_record
TN:
SF:/home/gfdv8046/Documents/ibtube/src/app/shared/playlist-preview/playlist-preview.component.ts
FN:14,PlaylistPreviewComponent
FN:19,(anonymous_2)
FN:15,(anonymous_3)
FNF:3
FNH:2
FNDA:1,PlaylistPreviewComponent
FNDA:0,(anonymous_2)
FNDA:1,(anonymous_3)
DA:10,1
DA:12,1
DA:15,1
DA:16,1
DA:19,1
DA:21,1
LF:6
LH:6
BRF:0
BRH:0
end_of_record
TN:
SF:/home/gfdv8046/Documents/ibtube/src/app/shared/video-preview/video-preview.component.ts
FN:29,VideoPreviewComponent
FN:23,(anonymous_2)
FN:34,(anonymous_3)
FN:38,(anonymous_4)
FN:56,(anonymous_5)
FNF:5
FNH:2
FNDA:1,VideoPreviewComponent
FNDA:0,(anonymous_2)
FNDA:1,(anonymous_3)
FNDA:0,(anonymous_4)
FNDA:0,(anonymous_5)
DA:20,1
DA:22,1
DA:23,1
DA:25,1
DA:26,1
DA:27,1
DA:30,1
DA:31,1
DA:34,1
DA:36,0
DA:39,0
DA:40,0
DA:41,0
DA:42,0
DA:44,0
DA:46,0
DA:48,0
DA:50,0
DA:56,1
DA:57,0
DA:59,1
LF:21
LH:11
BRF:0
BRH:0
end_of_record
TN:
SF:/home/gfdv8046/Documents/ibtube/src/app/video/video.component.ts
FN:21,VideoComponent
FN:17,(anonymous_2)
FN:28,(anonymous_3)
FN:29,(anonymous_4)
FN:36,(anonymous_5)
FN:44,(anonymous_6)
FN:49,(anonymous_7)
FN:53,(anonymous_8)
FNF:8
FNH:0
FNDA:0,VideoComponent
FNDA:0,(anonymous_2)
FNDA:0,(anonymous_3)
FNDA:0,(anonymous_4)
FNDA:0,(anonymous_5)
FNDA:0,(anonymous_6)
FNDA:0,(anonymous_7)
FNDA:0,(anonymous_8)
DA:15,1
DA:17,0
DA:18,0
DA:19,0
DA:22,0
DA:23,0
DA:24,0
DA:28,1
DA:29,0
DA:32,0
DA:33,0
DA:34,0
DA:37,0
DA:38,0
DA:44,1
DA:45,0
DA:49,1
DA:53,0
DA:54,0
DA:61,0
DA:62,0
DA:63,0
DA:64,0
DA:67,1
LF:24
LH:5
BRF:0
BRH:0
end_of_record
TN:
SF:/home/gfdv8046/Documents/ibtube/src/environments/environment.ts
FNF:0
FNH:0
LF:0
LH:0
BRF:0
BRH:0
end_of_record
TN:
SF:/home/gfdv8046/Documents/ibtube/src/services/index.ts
FNF:0
FNH:0
LF:0
LH:0
BRF:0
BRH:0
end_of_record
TN:
SF:/home/gfdv8046/Documents/ibtube/src/services/youtube.service.ts
FN:82,YoutubeService
FN:86,(anonymous_2)
FN:117,(anonymous_3)
FN:118,(anonymous_4)
FN:129,(anonymous_5)
FN:144,(anonymous_6)
FN:145,(anonymous_7)
FN:157,(anonymous_8)
FN:172,(anonymous_9)
FN:173,(anonymous_10)
FN:184,(anonymous_11)
FN:200,(anonymous_12)
FN:201,(anonymous_13)
FN:212,(anonymous_14)
FN:228,(anonymous_15)
FN:229,(anonymous_16)
FN:240,(anonymous_17)
FN:264,(anonymous_18)
FN:265,(anonymous_19)
FNF:19
FNH:19
FNDA:13,YoutubeService
FNDA:4,(anonymous_2)
FNDA:20,(anonymous_3)
FNDA:12,(anonymous_4)
FNDA:1,(anonymous_5)
FNDA:3,(anonymous_6)
FNDA:2,(anonymous_7)
FNDA:1,(anonymous_8)
FNDA:3,(anonymous_9)
FNDA:2,(anonymous_10)
FNDA:1,(anonymous_11)
FNDA:3,(anonymous_12)
FNDA:2,(anonymous_13)
FNDA:1,(anonymous_14)
FNDA:3,(anonymous_15)
FNDA:2,(anonymous_16)
FNDA:1,(anonymous_17)
FNDA:7,(anonymous_18)
FNDA:2,(anonymous_19)
DA:59,1
DA:60,1
DA:61,1
DA:62,1
DA:63,1
DA:64,1
DA:70,1
DA:71,1
DA:80,1
DA:83,13
DA:86,1
DA:87,7
DA:88,7
DA:95,4
DA:97,4
DA:115,4
DA:116,4
DA:117,20
DA:118,12
DA:121,4
DA:129,1
DA:134,1
DA:142,1
DA:143,1
DA:144,3
DA:145,2
DA:148,1
DA:157,1
DA:162,1
DA:170,1
DA:171,1
DA:172,3
DA:173,2
DA:176,1
DA:184,1
DA:189,1
DA:190,1
DA:198,1
DA:199,1
DA:200,3
DA:201,2
DA:203,1
DA:204,1
DA:212,1
DA:218,1
DA:226,1
DA:227,1
DA:228,3
DA:229,2
DA:232,1
DA:240,1
DA:250,1
DA:262,1
DA:263,1
DA:264,7
DA:265,2
DA:268,1
DA:274,1
LF:58
LH:58
BRDA:87,0,0,3
BRDA:87,0,1,1
BRDA:88,1,0,3
BRDA:88,1,1,1
BRDA:97,2,0,0
BRDA:97,2,1,4
BRF:6
BRH:5
end_of_record
